<?xml version="1.0" encoding="UTF-8"?>
<!-- Generated by org.testng.reporters.JUnitXMLReporter -->
<testsuite hostname="L-GDZ6152" name="Build no-XXX test" tests="2" failures="0" timestamp="4 Dec 2015 13:07:51 GMT" time="176.676" errors="0">
  <testcase name="placeOrderRegisterUserbyurl" time="80.351" classname="com.exclusively.web.sanity.Exclusively_Sanity_Scenarios"/>
  <testcase name="guestUserCheckOutflow" time="94.155" classname="com.exclusively.web.sanity.Exclusively_Sanity_Scenarios"/>
</testsuite> <!-- Build no-XXX test -->
