<?xml version="1.0" encoding="UTF-8"?>
<testng-results skipped="0" failed="0" total="1" passed="1">
  <reporter-output>
  </reporter-output>
  <suite name="Default suite" duration-ms="16267" started-at="2017-02-26T09:27:01Z" finished-at="2017-02-26T09:27:17Z">
    <groups>
    </groups>
    <test name="Default test" duration-ms="16267" started-at="2017-02-26T09:27:01Z" finished-at="2017-02-26T09:27:17Z">
      <class name="com.exclusively.web.sanity.Gofynd">
        <test-method status="PASS" signature="initDriver()[pri:0, instance:com.exclusively.web.sanity.Gofynd@13805618]" name="initDriver" is-config="true" duration-ms="1568" started-at="2017-02-26T14:57:01Z" finished-at="2017-02-26T14:57:02Z">
          <reporter-output>
          </reporter-output>
        </test-method> <!-- initDriver -->
        <test-method status="PASS" signature="placeOrderRegisterUserCheckOutFlow()[pri:0, instance:com.exclusively.web.sanity.Gofynd@13805618]" name="placeOrderRegisterUserCheckOutFlow" duration-ms="14113" started-at="2017-02-26T14:57:02Z" finished-at="2017-02-26T14:57:16Z">
          <reporter-output>
          </reporter-output>
        </test-method> <!-- placeOrderRegisterUserCheckOutFlow -->
        <test-method status="PASS" signature="terminateBrowser()[pri:0, instance:com.exclusively.web.sanity.Gofynd@13805618]" name="terminateBrowser" is-config="true" duration-ms="577" started-at="2017-02-26T14:57:16Z" finished-at="2017-02-26T14:57:17Z">
          <reporter-output>
          </reporter-output>
        </test-method> <!-- terminateBrowser -->
      </class> <!-- com.exclusively.web.sanity.Gofynd -->
    </test> <!-- Default test -->
  </suite> <!-- Default suite -->
</testng-results>
